C51 COMPILER V9.60.0.0   MOTOR                                                             02/15/2022 10:36:00 PAGE 1   


C51 COMPILER V9.60.0.0, COMPILATION OF MODULE MOTOR
OBJECT MODULE PLACED IN .\Objects\Motor.obj
COMPILER INVOKED BY: D:\KEIL\C51\BIN\C51.EXE Motor.c OPTIMIZE(8,SPEED) BROWSE DEBUG OBJECTEXTEND PRINT(.\Listings\Motor.
                    -lst) TABS(2) OBJECT(.\Objects\Motor.obj)

line level    source

   1          #include <reg51.h>
   2          #include <stdio.h>
   3          
   4          void msDelay(unsigned int time)
   5          {
   6   1        unsigned int i,j;
   7   1        for(i=0; i<time; i++)
   8   1        {
   9   2          for(j=0; j<1000; j++);
  10   2        }
  11   1      }
  12          
  13          void Clockwise()
  14          {
  15   1        unsigned int i;
  16   1        for(i=0; i<30; i++)
  17   1        {
  18   2          P0=0x01;
  19   2          msDelay(5);
  20   2          P0=0x02;
  21   2          msDelay(5);
  22   2          P0=0x04;
  23   2          msDelay(5);
  24   2          P0=0x08;
  25   2          msDelay(5);
  26   2        }
  27   1      }
  28          
  29          void AntiClockwise(void)
  30          {
  31   1        unsigned int i;
  32   1        for(i=0; i<30; i++)
  33   1        {
  34   2          P0=0x08;
  35   2          msDelay(5);
  36   2          P0=0x04;
  37   2          msDelay(5);
  38   2          P0=0x02;
  39   2          msDelay(5);
  40   2          P0=0x01;
  41   2          msDelay(5);
  42   2        }
  43   1      }
  44          
  45          void main()
  46          {
  47   1        P0=0;
  48   1        while(1)
  49   1        {
  50   2          Clockwise();
  51   2          msDelay(100);
  52   2          P0=0;
  53   2          AntiClockwise();
  54   2          msDelay(100);
C51 COMPILER V9.60.0.0   MOTOR                                                             02/15/2022 10:36:00 PAGE 2   

  55   2          P0=0;
  56   2        }
  57   1      }


MODULE INFORMATION:   STATIC OVERLAYABLE
   CODE SIZE        =    139    ----
   CONSTANT SIZE    =   ----    ----
   XDATA SIZE       =   ----    ----
   PDATA SIZE       =   ----    ----
   DATA SIZE        =   ----    ----
   IDATA SIZE       =   ----    ----
   BIT SIZE         =   ----    ----
END OF MODULE INFORMATION.


C51 COMPILATION COMPLETE.  0 WARNING(S),  0 ERROR(S)
